Base path: /Applications/Unity/Unity.app/Contents
Cmd: initializeCompiler
Cmd: compileSnippet
  api=15 type=0 insize=9252 outsize=23571 kw=DIRECTIONAL SHADOWS_SCREEN V_WIRE_FRESNEL_OFF V_WIRE_LIGHT_OFF V_WIRE_TRANSPARENCY_OFF V_WIRE_DYNAMIC_MASK_OFF V_WIRE_TRY_QUAD_OFF pd=UNITY_ENABLE_REFLECTION_BUFFERS UNITY_USE_DITHER_MASK_FOR_ALPHABLENDED_SHADOWS UNITY_PBS_USE_BRDF1 UNITY_SPECCUBE_BOX_PROJECTION UNITY_SPECCUBE_BLENDING UNITY_ENABLE_DETAIL_NORMALMAP SHADER_API_DESKTOP UNITY_COLORSPACE_GAMMA ok=1
Cmd: compileSnippet
  api=15 type=0 insize=6364 outsize=14478 kw=DIRECTIONAL_COOKIE V_WIRE_FRESNEL_OFF V_WIRE_LIGHT_OFF V_WIRE_TRANSPARENCY_OFF V_WIRE_DYNAMIC_MASK_OFF V_WIRE_TRY_QUAD_OFF pd=UNITY_ENABLE_REFLECTION_BUFFERS UNITY_USE_DITHER_MASK_FOR_ALPHABLENDED_SHADOWS UNITY_PBS_USE_BRDF1 UNITY_SPECCUBE_BOX_PROJECTION UNITY_SPECCUBE_BLENDING UNITY_ENABLE_DETAIL_NORMALMAP SHADER_API_DESKTOP UNITY_COLORSPACE_GAMMA ok=1
Cmd: compileSnippet
  api=15 type=0 insize=6364 outsize=16630 kw=POINT_COOKIE SHADOWS_CUBE V_WIRE_FRESNEL_OFF V_WIRE_LIGHT_OFF V_WIRE_TRANSPARENCY_OFF V_WIRE_DYNAMIC_MASK_OFF V_WIRE_TRY_QUAD_OFF pd=UNITY_ENABLE_REFLECTION_BUFFERS UNITY_USE_DITHER_MASK_FOR_ALPHABLENDED_SHADOWS UNITY_PBS_USE_BRDF1 UNITY_SPECCUBE_BOX_PROJECTION UNITY_SPECCUBE_BLENDING UNITY_ENABLE_DETAIL_NORMALMAP SHADER_API_DESKTOP UNITY_COLORSPACE_GAMMA ok=1
Cmd: compileSnippet
  api=15 type=0 insize=6364 outsize=15777 kw=DIRECTIONAL SHADOWS_SCREEN FOG_LINEAR V_WIRE_FRESNEL_OFF V_WIRE_LIGHT_OFF V_WIRE_TRANSPARENCY_OFF V_WIRE_DYNAMIC_MASK_OFF V_WIRE_TRY_QUAD_OFF pd=UNITY_ENABLE_REFLECTION_BUFFERS UNITY_USE_DITHER_MASK_FOR_ALPHABLENDED_SHADOWS UNITY_PBS_USE_BRDF1 UNITY_SPECCUBE_BOX_PROJECTION UNITY_SPECCUBE_BLENDING UNITY_ENABLE_DETAIL_NORMALMAP SHADER_API_DESKTOP UNITY_COLORSPACE_GAMMA ok=1
Cmd: compileSnippet
  api=15 type=1 insize=6364 outsize=0 kw=POINT SHADOWS_CUBE V_WIRE_FRESNEL_OFF V_WIRE_LIGHT_OFF V_WIRE_TRANSPARENCY_OFF V_WIRE_DYNAMIC_MASK_OFF V_WIRE_TRY_QUAD_OFF pd=UNITY_ENABLE_REFLECTION_BUFFERS UNITY_USE_DITHER_MASK_FOR_ALPHABLENDED_SHADOWS UNITY_PBS_USE_BRDF1 UNITY_SPECCUBE_BOX_PROJECTION UNITY_SPECCUBE_BLENDING UNITY_ENABLE_DETAIL_NORMALMAP SHADER_API_DESKTOP UNITY_COLORSPACE_GAMMA ok=1
Cmd: compileSnippet
  api=15 type=1 insize=6364 outsize=0 kw=POINT_COOKIE FOG_LINEAR V_WIRE_FRESNEL_OFF V_WIRE_LIGHT_OFF V_WIRE_TRANSPARENCY_OFF V_WIRE_DYNAMIC_MASK_OFF V_WIRE_TRY_QUAD_OFF pd=UNITY_ENABLE_REFLECTION_BUFFERS UNITY_USE_DITHER_MASK_FOR_ALPHABLENDED_SHADOWS UNITY_PBS_USE_BRDF1 UNITY_SPECCUBE_BOX_PROJECTION UNITY_SPECCUBE_BLENDING UNITY_ENABLE_DETAIL_NORMALMAP SHADER_API_DESKTOP UNITY_COLORSPACE_GAMMA ok=1
Cmd: compileSnippet
  api=15 type=1 insize=6364 outsize=0 kw=POINT_COOKIE SHADOWS_CUBE FOG_LINEAR V_WIRE_FRESNEL_OFF V_WIRE_LIGHT_OFF V_WIRE_TRANSPARENCY_OFF V_WIRE_DYNAMIC_MASK_OFF V_WIRE_TRY_QUAD_OFF pd=UNITY_ENABLE_REFLECTION_BUFFERS UNITY_USE_DITHER_MASK_FOR_ALPHABLENDED_SHADOWS UNITY_PBS_USE_BRDF1 UNITY_SPECCUBE_BOX_PROJECTION UNITY_SPECCUBE_BLENDING UNITY_ENABLE_DETAIL_NORMALMAP SHADER_API_DESKTOP UNITY_COLORSPACE_GAMMA ok=1
Cmd: compileSnippet
  api=15 type=4 insize=6364 outsize=0 kw=POINT_COOKIE V_WIRE_FRESNEL_OFF V_WIRE_LIGHT_OFF V_WIRE_TRANSPARENCY_OFF V_WIRE_DYNAMIC_MASK_OFF V_WIRE_TRY_QUAD_OFF pd=UNITY_ENABLE_REFLECTION_BUFFERS UNITY_USE_DITHER_MASK_FOR_ALPHABLENDED_SHADOWS UNITY_PBS_USE_BRDF1 UNITY_SPECCUBE_BOX_PROJECTION UNITY_SPECCUBE_BLENDING UNITY_ENABLE_DETAIL_NORMALMAP SHADER_API_DESKTOP UNITY_COLORSPACE_GAMMA ok=1
Cmd: compileSnippet
  api=15 type=4 insize=6364 outsize=0 kw=POINT SHADOWS_CUBE SHADOWS_SOFT V_WIRE_FRESNEL_OFF V_WIRE_LIGHT_OFF V_WIRE_TRANSPARENCY_OFF V_WIRE_DYNAMIC_MASK_OFF V_WIRE_TRY_QUAD_OFF pd=UNITY_ENABLE_REFLECTION_BUFFERS UNITY_USE_DITHER_MASK_FOR_ALPHABLENDED_SHADOWS UNITY_PBS_USE_BRDF1 UNITY_SPECCUBE_BOX_PROJECTION UNITY_SPECCUBE_BLENDING UNITY_ENABLE_DETAIL_NORMALMAP SHADER_API_DESKTOP UNITY_COLORSPACE_GAMMA ok=1
Cmd: compileSnippet
  api=15 type=4 insize=6364 outsize=0 kw=SPOT SHADOWS_DEPTH FOG_LINEAR V_WIRE_FRESNEL_OFF V_WIRE_LIGHT_OFF V_WIRE_TRANSPARENCY_OFF V_WIRE_DYNAMIC_MASK_OFF V_WIRE_TRY_QUAD_OFF pd=UNITY_ENABLE_REFLECTION_BUFFERS UNITY_USE_DITHER_MASK_FOR_ALPHABLENDED_SHADOWS UNITY_PBS_USE_BRDF1 UNITY_SPECCUBE_BOX_PROJECTION UNITY_SPECCUBE_BLENDING UNITY_ENABLE_DETAIL_NORMALMAP SHADER_API_DESKTOP UNITY_COLORSPACE_GAMMA ok=1
Cmd: compileSnippet
  api=15 type=4 insize=8986 outsize=0 kw=UNITY_HDR_ON V_WIRE_FRESNEL_OFF V_WIRE_LIGHT_OFF V_WIRE_TRANSPARENCY_OFF V_WIRE_DYNAMIC_MASK_OFF V_WIRE_TRY_QUAD_OFF pd=UNITY_ENABLE_REFLECTION_BUFFERS UNITY_USE_DITHER_MASK_FOR_ALPHABLENDED_SHADOWS UNITY_PBS_USE_BRDF1 UNITY_SPECCUBE_BOX_PROJECTION UNITY_SPECCUBE_BLENDING UNITY_ENABLE_DETAIL_NORMALMAP SHADER_API_DESKTOP UNITY_COLORSPACE_GAMMA ok=1
